2024-09-20 17:08:52,487 [Worker-5: Loading available Gradle versions] INFO  o.e.b.c.i.u.g.PublishedGradleVersions - Gradle version information cache is not available. Remote download required.
2024-09-20 17:09:18,273 [Worker-6: Importing Maven projects] INFO  o.e.m.c.i.l.LifecycleMappingFactory - Using org.eclipse.m2e.jdt.JarLifecycleMapping lifecycle mapping for MavenProject: com.example:Spring_demo:0.0.1-SNAPSHOT @ C:\Users\SanketThange\Music\spring-boot-hibernate\05-command-line-demo\Spring_demo\pom.xml.
2024-09-20 17:09:23,692 [Worker-6: Importing Maven projects] INFO  o.e.m.j.i.AbstractJavaProjectConfigurator - Adding source folder /Spring_demo/src/main/java
2024-09-20 17:09:23,700 [Worker-6: Importing Maven projects] INFO  o.e.m.j.i.AbstractJavaProjectConfigurator - Adding resource folder /Spring_demo/src/main/resources
2024-09-20 17:09:23,704 [Worker-6: Importing Maven projects] INFO  o.e.m.j.i.AbstractJavaProjectConfigurator - Adding resource folder /Spring_demo/src/main/resources
2024-09-20 17:09:23,705 [Worker-6: Importing Maven projects] INFO  o.e.m.j.i.AbstractJavaProjectConfigurator - Adding source folder /Spring_demo/src/test/java
2024-09-20 17:09:23,709 [Worker-6: Importing Maven projects] INFO  o.e.m.j.i.AbstractJavaProjectConfigurator - Adding resource folder /Spring_demo/src/test/resources
2024-09-20 17:09:24,012 [Worker-6: Importing Maven projects] INFO  o.e.m.c.i.p.ProjectConfigurationManager - Imported and configured 1 project(s) in 10 sec
2024-09-20 17:09:24,209 [Worker-8: Updating Maven Project] INFO  o.e.m.c.i.p.ProjectConfigurationManager - Update started
2024-09-20 17:09:24,822 [Worker-8: Updating Maven Project] INFO  o.e.m.c.i.l.LifecycleMappingFactory - Using org.eclipse.m2e.jdt.JarLifecycleMapping lifecycle mapping for MavenProject: com.example:Spring_demo:0.0.1-SNAPSHOT @ C:\Users\SanketThange\Music\spring-boot-hibernate\05-command-line-demo\Spring_demo\pom.xml.
2024-09-20 17:09:25,461 [Worker-8: Updating Maven Project] INFO  o.e.m.j.i.AbstractJavaProjectConfigurator - Adding source folder /Spring_demo/src/main/java
2024-09-20 17:09:25,462 [Worker-8: Updating Maven Project] INFO  o.e.m.j.i.AbstractJavaProjectConfigurator - Adding resource folder /Spring_demo/src/main/resources
2024-09-20 17:09:25,463 [Worker-8: Updating Maven Project] INFO  o.e.m.j.i.AbstractJavaProjectConfigurator - Adding resource folder /Spring_demo/src/main/resources
2024-09-20 17:09:25,464 [Worker-8: Updating Maven Project] INFO  o.e.m.j.i.AbstractJavaProjectConfigurator - Adding source folder /Spring_demo/src/test/java
2024-09-20 17:09:25,465 [Worker-8: Updating Maven Project] INFO  o.e.m.j.i.AbstractJavaProjectConfigurator - Adding resource folder /Spring_demo/src/test/resources
2024-09-20 17:09:25,928 [Worker-8: Updating Maven Project] INFO  o.e.m.c.i.p.ProjectConfigurationManager - Update completed for 1 poms: local refresh takes 0.00 sec, refresh facades takes 1.00 sec, update config takes 0.00 sec 
2024-09-20 17:09:26,549 [Worker-10: Building] INFO  o.a.m.s.f.DefaultMavenResourcesFiltering - Copying 1 resource from src\main\resources to target\classes
2024-09-20 17:09:26,577 [Worker-10: Building] INFO  o.a.m.s.f.DefaultMavenResourcesFiltering - Copying 0 resource from src\main\resources to target\classes
2024-09-20 17:09:26,585 [Worker-10: Building] INFO  o.a.m.s.f.DefaultMavenResourcesFiltering - skip non existing resourceDirectory C:\Users\SanketThange\Music\spring-boot-hibernate\05-command-line-demo\Spring_demo\src\test\resources
2024-09-20 17:09:56,397 [main] INFO  o.e.m2e.actions.ExecutePomAction - Creating new launch configuration
2024-09-20 17:10:04,328 [Worker-4: Launching Spring_demo] INFO  o.eclipse.m2e.core.internal.Bundles - getClasspathEntries(Bundle=org.eclipse.m2e.maven.runtime_3.9.900.20240824-1409 [359])
2024-09-20 17:10:04,329 [Worker-4: Launching Spring_demo] INFO  o.eclipse.m2e.core.internal.Bundles - 	Entry: C:\Users\SanketThange\Music\sts-4.25.0.RELEASE\plugins\org.eclipse.m2e.maven.runtime_3.9.900.20240824-1409
2024-09-20 17:10:04,330 [Worker-4: Launching Spring_demo] INFO  o.eclipse.m2e.core.internal.Bundles - 	Entry: C:\Users\SanketThange\Music\sts-4.25.0.RELEASE\plugins\org.eclipse.m2e.maven.runtime_3.9.900.20240824-1409\jars\aopalliance-1.0.jar
2024-09-20 17:10:04,330 [Worker-4: Launching Spring_demo] INFO  o.eclipse.m2e.core.internal.Bundles - 	Entry: C:\Users\SanketThange\Music\sts-4.25.0.RELEASE\plugins\org.eclipse.m2e.maven.runtime_3.9.900.20240824-1409\jars\guice-5.1.0.jar
2024-09-20 17:10:04,330 [Worker-4: Launching Spring_demo] INFO  o.eclipse.m2e.core.internal.Bundles - 	Entry: C:\Users\SanketThange\Music\sts-4.25.0.RELEASE\plugins\org.eclipse.m2e.maven.runtime_3.9.900.20240824-1409\jars\httpclient-4.5.14.jar
2024-09-20 17:10:04,330 [Worker-4: Launching Spring_demo] INFO  o.eclipse.m2e.core.internal.Bundles - 	Entry: C:\Users\SanketThange\Music\sts-4.25.0.RELEASE\plugins\org.eclipse.m2e.maven.runtime_3.9.900.20240824-1409\jars\httpcore-4.4.16.jar
2024-09-20 17:10:04,330 [Worker-4: Launching Spring_demo] INFO  o.eclipse.m2e.core.internal.Bundles - 	Entry: C:\Users\SanketThange\Music\sts-4.25.0.RELEASE\plugins\org.eclipse.m2e.maven.runtime_3.9.900.20240824-1409\jars\jansi-2.4.1.jar
2024-09-20 17:10:04,330 [Worker-4: Launching Spring_demo] INFO  o.eclipse.m2e.core.internal.Bundles - 	Entry: C:\Users\SanketThange\Music\sts-4.25.0.RELEASE\plugins\org.eclipse.m2e.maven.runtime_3.9.900.20240824-1409\jars\jcl-over-slf4j-1.7.36.jar
2024-09-20 17:10:04,330 [Worker-4: Launching Spring_demo] INFO  o.eclipse.m2e.core.internal.Bundles - 	Entry: C:\Users\SanketThange\Music\sts-4.25.0.RELEASE\plugins\org.eclipse.m2e.maven.runtime_3.9.900.20240824-1409\jars\maven-artifact-3.9.9.jar
2024-09-20 17:10:04,330 [Worker-4: Launching Spring_demo] INFO  o.eclipse.m2e.core.internal.Bundles - 	Entry: C:\Users\SanketThange\Music\sts-4.25.0.RELEASE\plugins\org.eclipse.m2e.maven.runtime_3.9.900.20240824-1409\jars\maven-builder-support-3.9.9.jar
2024-09-20 17:10:04,330 [Worker-4: Launching Spring_demo] INFO  o.eclipse.m2e.core.internal.Bundles - 	Entry: C:\Users\SanketThange\Music\sts-4.25.0.RELEASE\plugins\org.eclipse.m2e.maven.runtime_3.9.900.20240824-1409\jars\maven-compat-3.9.9.jar
2024-09-20 17:10:04,330 [Worker-4: Launching Spring_demo] INFO  o.eclipse.m2e.core.internal.Bundles - 	Entry: C:\Users\SanketThange\Music\sts-4.25.0.RELEASE\plugins\org.eclipse.m2e.maven.runtime_3.9.900.20240824-1409\jars\maven-core-3.9.9.jar
2024-09-20 17:10:04,331 [Worker-4: Launching Spring_demo] INFO  o.eclipse.m2e.core.internal.Bundles - 	Entry: C:\Users\SanketThange\Music\sts-4.25.0.RELEASE\plugins\org.eclipse.m2e.maven.runtime_3.9.900.20240824-1409\jars\maven-embedder-3.9.9.jar
2024-09-20 17:10:04,331 [Worker-4: Launching Spring_demo] INFO  o.eclipse.m2e.core.internal.Bundles - 	Entry: C:\Users\SanketThange\Music\sts-4.25.0.RELEASE\plugins\org.eclipse.m2e.maven.runtime_3.9.900.20240824-1409\jars\maven-model-3.9.9.jar
2024-09-20 17:10:04,331 [Worker-4: Launching Spring_demo] INFO  o.eclipse.m2e.core.internal.Bundles - 	Entry: C:\Users\SanketThange\Music\sts-4.25.0.RELEASE\plugins\org.eclipse.m2e.maven.runtime_3.9.900.20240824-1409\jars\maven-model-builder-3.9.9.jar
2024-09-20 17:10:04,331 [Worker-4: Launching Spring_demo] INFO  o.eclipse.m2e.core.internal.Bundles - 	Entry: C:\Users\SanketThange\Music\sts-4.25.0.RELEASE\plugins\org.eclipse.m2e.maven.runtime_3.9.900.20240824-1409\jars\maven-plugin-api-3.9.9.jar
2024-09-20 17:10:04,331 [Worker-4: Launching Spring_demo] INFO  o.eclipse.m2e.core.internal.Bundles - 	Entry: C:\Users\SanketThange\Music\sts-4.25.0.RELEASE\plugins\org.eclipse.m2e.maven.runtime_3.9.900.20240824-1409\jars\maven-repository-metadata-3.9.9.jar
2024-09-20 17:10:04,331 [Worker-4: Launching Spring_demo] INFO  o.eclipse.m2e.core.internal.Bundles - 	Entry: C:\Users\SanketThange\Music\sts-4.25.0.RELEASE\plugins\org.eclipse.m2e.maven.runtime_3.9.900.20240824-1409\jars\maven-resolver-api-1.9.22.jar
2024-09-20 17:10:04,331 [Worker-4: Launching Spring_demo] INFO  o.eclipse.m2e.core.internal.Bundles - 	Entry: C:\Users\SanketThange\Music\sts-4.25.0.RELEASE\plugins\org.eclipse.m2e.maven.runtime_3.9.900.20240824-1409\jars\maven-resolver-connector-basic-1.9.22.jar
2024-09-20 17:10:04,331 [Worker-4: Launching Spring_demo] INFO  o.eclipse.m2e.core.internal.Bundles - 	Entry: C:\Users\SanketThange\Music\sts-4.25.0.RELEASE\plugins\org.eclipse.m2e.maven.runtime_3.9.900.20240824-1409\jars\maven-resolver-impl-1.9.22.jar
2024-09-20 17:10:04,331 [Worker-4: Launching Spring_demo] INFO  o.eclipse.m2e.core.internal.Bundles - 	Entry: C:\Users\SanketThange\Music\sts-4.25.0.RELEASE\plugins\org.eclipse.m2e.maven.runtime_3.9.900.20240824-1409\jars\maven-resolver-named-locks-1.9.22.jar
2024-09-20 17:10:04,331 [Worker-4: Launching Spring_demo] INFO  o.eclipse.m2e.core.internal.Bundles - 	Entry: C:\Users\SanketThange\Music\sts-4.25.0.RELEASE\plugins\org.eclipse.m2e.maven.runtime_3.9.900.20240824-1409\jars\maven-resolver-provider-3.9.9.jar
2024-09-20 17:10:04,332 [Worker-4: Launching Spring_demo] INFO  o.eclipse.m2e.core.internal.Bundles - 	Entry: C:\Users\SanketThange\Music\sts-4.25.0.RELEASE\plugins\org.eclipse.m2e.maven.runtime_3.9.900.20240824-1409\jars\maven-resolver-spi-1.9.22.jar
2024-09-20 17:10:04,332 [Worker-4: Launching Spring_demo] INFO  o.eclipse.m2e.core.internal.Bundles - 	Entry: C:\Users\SanketThange\Music\sts-4.25.0.RELEASE\plugins\org.eclipse.m2e.maven.runtime_3.9.900.20240824-1409\jars\maven-resolver-transport-file-1.9.22.jar
2024-09-20 17:10:04,332 [Worker-4: Launching Spring_demo] INFO  o.eclipse.m2e.core.internal.Bundles - 	Entry: C:\Users\SanketThange\Music\sts-4.25.0.RELEASE\plugins\org.eclipse.m2e.maven.runtime_3.9.900.20240824-1409\jars\maven-resolver-transport-http-1.9.22.jar
2024-09-20 17:10:04,332 [Worker-4: Launching Spring_demo] INFO  o.eclipse.m2e.core.internal.Bundles - 	Entry: C:\Users\SanketThange\Music\sts-4.25.0.RELEASE\plugins\org.eclipse.m2e.maven.runtime_3.9.900.20240824-1409\jars\maven-resolver-transport-wagon-1.9.22.jar
2024-09-20 17:10:04,332 [Worker-4: Launching Spring_demo] INFO  o.eclipse.m2e.core.internal.Bundles - 	Entry: C:\Users\SanketThange\Music\sts-4.25.0.RELEASE\plugins\org.eclipse.m2e.maven.runtime_3.9.900.20240824-1409\jars\maven-resolver-util-1.9.22.jar
2024-09-20 17:10:04,332 [Worker-4: Launching Spring_demo] INFO  o.eclipse.m2e.core.internal.Bundles - 	Entry: C:\Users\SanketThange\Music\sts-4.25.0.RELEASE\plugins\org.eclipse.m2e.maven.runtime_3.9.900.20240824-1409\jars\maven-settings-3.9.9.jar
2024-09-20 17:10:04,332 [Worker-4: Launching Spring_demo] INFO  o.eclipse.m2e.core.internal.Bundles - 	Entry: C:\Users\SanketThange\Music\sts-4.25.0.RELEASE\plugins\org.eclipse.m2e.maven.runtime_3.9.900.20240824-1409\jars\maven-settings-builder-3.9.9.jar
2024-09-20 17:10:04,332 [Worker-4: Launching Spring_demo] INFO  o.eclipse.m2e.core.internal.Bundles - 	Entry: C:\Users\SanketThange\Music\sts-4.25.0.RELEASE\plugins\org.eclipse.m2e.maven.runtime_3.9.900.20240824-1409\jars\maven-shared-utils-3.4.2.jar
2024-09-20 17:10:04,333 [Worker-4: Launching Spring_demo] INFO  o.eclipse.m2e.core.internal.Bundles - 	Entry: C:\Users\SanketThange\Music\sts-4.25.0.RELEASE\plugins\org.eclipse.m2e.maven.runtime_3.9.900.20240824-1409\jars\org.eclipse.sisu.inject-0.9.0.M3.jar
2024-09-20 17:10:04,333 [Worker-4: Launching Spring_demo] INFO  o.eclipse.m2e.core.internal.Bundles - 	Entry: C:\Users\SanketThange\Music\sts-4.25.0.RELEASE\plugins\org.eclipse.m2e.maven.runtime_3.9.900.20240824-1409\jars\org.eclipse.sisu.plexus-0.9.0.M3.jar
2024-09-20 17:10:04,333 [Worker-4: Launching Spring_demo] INFO  o.eclipse.m2e.core.internal.Bundles - 	Entry: C:\Users\SanketThange\Music\sts-4.25.0.RELEASE\plugins\org.eclipse.m2e.maven.runtime_3.9.900.20240824-1409\jars\plexus-build-api-0.0.7.jar
2024-09-20 17:10:04,333 [Worker-4: Launching Spring_demo] INFO  o.eclipse.m2e.core.internal.Bundles - 	Entry: C:\Users\SanketThange\Music\sts-4.25.0.RELEASE\plugins\org.eclipse.m2e.maven.runtime_3.9.900.20240824-1409\jars\plexus-build-api-1.2.0.jar
2024-09-20 17:10:04,333 [Worker-4: Launching Spring_demo] INFO  o.eclipse.m2e.core.internal.Bundles - 	Entry: C:\Users\SanketThange\Music\sts-4.25.0.RELEASE\plugins\org.eclipse.m2e.maven.runtime_3.9.900.20240824-1409\jars\plexus-cipher-2.0.jar
2024-09-20 17:10:04,333 [Worker-4: Launching Spring_demo] INFO  o.eclipse.m2e.core.internal.Bundles - 	Entry: C:\Users\SanketThange\Music\sts-4.25.0.RELEASE\plugins\org.eclipse.m2e.maven.runtime_3.9.900.20240824-1409\jars\plexus-classworlds-2.8.0.jar
2024-09-20 17:10:04,333 [Worker-4: Launching Spring_demo] INFO  o.eclipse.m2e.core.internal.Bundles - 	Entry: C:\Users\SanketThange\Music\sts-4.25.0.RELEASE\plugins\org.eclipse.m2e.maven.runtime_3.9.900.20240824-1409\jars\plexus-component-annotations-2.1.0.jar
2024-09-20 17:10:04,334 [Worker-4: Launching Spring_demo] INFO  o.eclipse.m2e.core.internal.Bundles - 	Entry: C:\Users\SanketThange\Music\sts-4.25.0.RELEASE\plugins\org.eclipse.m2e.maven.runtime_3.9.900.20240824-1409\jars\plexus-interpolation-1.27.jar
2024-09-20 17:10:04,334 [Worker-4: Launching Spring_demo] INFO  o.eclipse.m2e.core.internal.Bundles - 	Entry: C:\Users\SanketThange\Music\sts-4.25.0.RELEASE\plugins\org.eclipse.m2e.maven.runtime_3.9.900.20240824-1409\jars\plexus-sec-dispatcher-2.0.jar
2024-09-20 17:10:04,334 [Worker-4: Launching Spring_demo] INFO  o.eclipse.m2e.core.internal.Bundles - 	Entry: C:\Users\SanketThange\Music\sts-4.25.0.RELEASE\plugins\org.eclipse.m2e.maven.runtime_3.9.900.20240824-1409\jars\plexus-utils-3.5.1.jar
2024-09-20 17:10:04,334 [Worker-4: Launching Spring_demo] INFO  o.eclipse.m2e.core.internal.Bundles - 	Entry: C:\Users\SanketThange\Music\sts-4.25.0.RELEASE\plugins\org.eclipse.m2e.maven.runtime_3.9.900.20240824-1409\jars\plexus-xml-3.0.1.jar
2024-09-20 17:10:04,334 [Worker-4: Launching Spring_demo] INFO  o.eclipse.m2e.core.internal.Bundles - 	Entry: C:\Users\SanketThange\Music\sts-4.25.0.RELEASE\plugins\org.eclipse.m2e.maven.runtime_3.9.900.20240824-1409\jars\wagon-file-3.5.3.jar
2024-09-20 17:10:04,334 [Worker-4: Launching Spring_demo] INFO  o.eclipse.m2e.core.internal.Bundles - 	Entry: C:\Users\SanketThange\Music\sts-4.25.0.RELEASE\plugins\org.eclipse.m2e.maven.runtime_3.9.900.20240824-1409\jars\wagon-http-3.5.3.jar
2024-09-20 17:10:04,334 [Worker-4: Launching Spring_demo] INFO  o.eclipse.m2e.core.internal.Bundles - 	Entry: C:\Users\SanketThange\Music\sts-4.25.0.RELEASE\plugins\org.eclipse.m2e.maven.runtime_3.9.900.20240824-1409\jars\wagon-http-shared-3.5.3.jar
2024-09-20 17:10:04,334 [Worker-4: Launching Spring_demo] INFO  o.eclipse.m2e.core.internal.Bundles - 	Entry: C:\Users\SanketThange\Music\sts-4.25.0.RELEASE\plugins\org.eclipse.m2e.maven.runtime_3.9.900.20240824-1409\jars\wagon-provider-api-3.5.3.jar
2024-09-20 17:10:04,337 [Worker-4: Launching Spring_demo] INFO  o.eclipse.m2e.core.internal.Bundles - getClasspathEntries(Bundle=com.google.guava_33.3.0.jre [29])
2024-09-20 17:10:04,337 [Worker-4: Launching Spring_demo] INFO  o.eclipse.m2e.core.internal.Bundles - 	Entry: C:\Users\SanketThange\Music\sts-4.25.0.RELEASE\plugins\com.google.guava_33.3.0.jre.jar
2024-09-20 17:10:04,337 [Worker-4: Launching Spring_demo] INFO  o.eclipse.m2e.core.internal.Bundles - getClasspathEntries(Bundle=slf4j.api_2.0.16 [592])
2024-09-20 17:10:04,337 [Worker-4: Launching Spring_demo] INFO  o.eclipse.m2e.core.internal.Bundles - 	Entry: C:\Users\SanketThange\Music\sts-4.25.0.RELEASE\plugins\slf4j.api_2.0.16.jar
2024-09-20 17:10:04,337 [Worker-4: Launching Spring_demo] INFO  o.eclipse.m2e.core.internal.Bundles - getClasspathEntries(Bundle=jakarta.inject.jakarta.inject-api_1.0.5 [45])
2024-09-20 17:10:04,338 [Worker-4: Launching Spring_demo] INFO  o.eclipse.m2e.core.internal.Bundles - 	Entry: C:\Users\SanketThange\Music\sts-4.25.0.RELEASE\plugins\jakarta.inject.jakarta.inject-api_1.0.5.jar
2024-09-20 17:10:04,338 [Worker-4: Launching Spring_demo] INFO  o.eclipse.m2e.core.internal.Bundles - getClasspathEntries(Bundle=jakarta.annotation-api_1.3.5 [41])
2024-09-20 17:10:04,338 [Worker-4: Launching Spring_demo] INFO  o.eclipse.m2e.core.internal.Bundles - 	Entry: C:\Users\SanketThange\Music\sts-4.25.0.RELEASE\plugins\jakarta.annotation-api_1.3.5.jar
2024-09-20 17:10:04,338 [Worker-4: Launching Spring_demo] INFO  o.eclipse.m2e.core.internal.Bundles - getClasspathEntries(Bundle=org.apache.commons.cli_1.9.0 [77])
2024-09-20 17:10:04,339 [Worker-4: Launching Spring_demo] INFO  o.eclipse.m2e.core.internal.Bundles - 	Entry: C:\Users\SanketThange\Music\sts-4.25.0.RELEASE\plugins\org.apache.commons.cli_1.9.0.jar
2024-09-20 17:10:04,339 [Worker-4: Launching Spring_demo] INFO  o.eclipse.m2e.core.internal.Bundles - getClasspathEntries(Bundle=org.apache.commons.commons-codec_1.16.0 [80])
2024-09-20 17:10:04,339 [Worker-4: Launching Spring_demo] INFO  o.eclipse.m2e.core.internal.Bundles - 	Entry: C:\Users\SanketThange\Music\sts-4.25.0.RELEASE\plugins\org.apache.commons.commons-codec_1.16.0.jar
2024-09-20 17:10:04,339 [Worker-4: Launching Spring_demo] INFO  o.eclipse.m2e.core.internal.Bundles - getClasspathEntries(Bundle=com.google.guava.failureaccess_1.0.2 [30])
2024-09-20 17:10:04,340 [Worker-4: Launching Spring_demo] INFO  o.eclipse.m2e.core.internal.Bundles - 	Entry: C:\Users\SanketThange\Music\sts-4.25.0.RELEASE\plugins\com.google.guava.failureaccess_1.0.2.jar
2024-09-20 17:10:04,345 [Worker-4: Launching Spring_demo] INFO  o.e.m.i.launch.MavenLaunchDelegate - Run build in "C:\Users\SanketThange\Music\spring-boot-hibernate\05-command-line-demo\Spring_demo":
2024-09-20 17:10:04,347 [Worker-4: Launching Spring_demo] INFO  o.e.m.i.launch.MavenLaunchDelegate -  mvn  -B -Dstyle.color=always clean package
